21:36:26.810 [main] INFO  com.Redbus.utils.BasePage - Waiting for element to be visible: By.id: src
21:36:26.992 [main] INFO  com.Redbus.utils.BasePage - Waiting for element to be visible: By.id: dest
21:36:27.199 [main] INFO  com.Redbus.utils.BasePage - Clicking on element: By.id: search_btn
21:36:27.199 [main] INFO  com.Redbus.utils.BasePage - Waiting for element to be visible: By.id: search_btn
21:39:54.399 [main] INFO  com.Redbus.utils.BasePage - Waiting for element to be visible: By.id: src
21:39:54.586 [main] INFO  com.Redbus.utils.BasePage - Waiting for element to be visible: By.id: dest
21:39:54.761 [main] INFO  com.Redbus.utils.BasePage - Clicking on element: By.id: search_btn
21:39:54.761 [main] INFO  com.Redbus.utils.BasePage - Waiting for element to be visible: By.id: search_btn
21:43:25.378 [main] INFO  com.Redbus.utils.BasePage - Waiting for element to be visible: By.id: src
21:43:25.551 [main] INFO  com.Redbus.utils.BasePage - Waiting for element to be visible: By.id: dest
21:43:25.749 [main] INFO  com.Redbus.utils.BasePage - Clicking on element: By.id: search_button
21:43:25.749 [main] INFO  com.Redbus.utils.BasePage - Waiting for element to be visible: By.id: search_button
21:43:25.866 [main] INFO  com.Redbus.utils.BasePage - Waiting for element to be visible: By.id: search_results
00:47:56.565 [main] INFO  com.Redbus.utils.BasePage - Waiting for element to be visible: By.id: src
00:47:56.741 [main] INFO  com.Redbus.utils.BasePage - Waiting for element to be visible: By.id: dest
00:47:56.957 [main] INFO  com.Redbus.utils.BasePage - Clicking on element: By.id: onwardCal
00:47:56.957 [main] INFO  com.Redbus.utils.BasePage - Waiting for element to be visible: By.id: onwardCal
00:47:57.130 [main] INFO  com.Redbus.utils.BasePage - Waiting for element to be visible: By.id: search_results
00:53:29.909 [main] INFO  com.Redbus.utils.BasePage - Waiting for element to be visible: By.id: src
00:53:30.125 [main] INFO  com.Redbus.utils.BasePage - Waiting for element to be visible: By.id: dest
00:53:30.304 [main] INFO  com.Redbus.utils.BasePage - Clicking on element: By.id: onwardCal
00:53:30.304 [main] INFO  com.Redbus.utils.BasePage - Waiting for element to be visible: By.id: onwardCal
00:53:30.488 [main] INFO  com.Redbus.utils.BasePage - Waiting for elements to be visible: By.id: DayNavigator__IconBlock-qj8jdz-2
01:00:48.828 [main] INFO  com.Redbus.utils.BasePage - Waiting for element to be visible: By.id: src
01:00:49.001 [main] INFO  com.Redbus.utils.BasePage - Waiting for element to be visible: By.id: dest
01:00:49.228 [main] INFO  com.Redbus.utils.BasePage - Clicking on element: By.id: onwardCal
01:00:49.228 [main] INFO  com.Redbus.utils.BasePage - Waiting for element to be visible: By.id: onwardCal
01:04:06.109 [main] INFO  com.Redbus.utils.BasePage - Waiting for element to be visible: By.id: src
01:04:06.293 [main] INFO  com.Redbus.utils.BasePage - Waiting for element to be visible: By.id: dest
01:04:06.496 [main] INFO  com.Redbus.utils.BasePage - Clicking on element: By.id: onwardCal
01:04:06.496 [main] INFO  com.Redbus.utils.BasePage - Waiting for element to be visible: By.id: onwardCal
01:04:06.678 [main] INFO  com.Redbus.utils.BasePage - Clicking on element: By.id: DayNavigator__CalendarHeader-qj8jdz-1
01:04:06.678 [main] INFO  com.Redbus.utils.BasePage - Waiting for element to be visible: By.id: DayNavigator__CalendarHeader-qj8jdz-1
13:00:36.664 [main] INFO  com.Redbus.utils.BasePage - Waiting for element to be visible: By.id: src
13:00:37.004 [main] INFO  com.Redbus.utils.BasePage - Waiting for element to be visible: By.id: dest
13:00:37.114 [main] INFO  com.Redbus.utils.BasePage - Clicking on element: By.id: onwardCal
13:00:37.114 [main] INFO  com.Redbus.utils.BasePage - Waiting for element to be visible: By.id: onwardCal
13:00:37.247 [main] INFO  com.Redbus.utils.BasePage - Clicking on element: By.id: DayNavigator__CalendarHeader-qj8jdz-1
13:00:37.247 [main] INFO  com.Redbus.utils.BasePage - Waiting for element to be visible: By.id: DayNavigator__CalendarHeader-qj8jdz-1
13:38:17.168 [main] INFO  com.Redbus.utils.BasePage - Waiting for element to be visible: By.id: src
13:38:17.333 [main] INFO  com.Redbus.utils.BasePage - Waiting for element to be visible: By.id: dest
13:38:17.436 [main] INFO  com.Redbus.utils.BasePage - Clicking on element: By.id: onwardCal
13:38:17.438 [main] INFO  com.Redbus.utils.BasePage - Waiting for element to be visible: By.id: onwardCal
13:38:17.682 [main] INFO  com.Redbus.utils.BasePage - Clicking on element: By.id: DayNavigator__CalendarHeader-qj8jdz-1
13:38:17.682 [main] INFO  com.Redbus.utils.BasePage - Waiting for element to be visible: By.id: DayNavigator__CalendarHeader-qj8jdz-1
13:44:21.320 [main] INFO  com.Redbus.utils.BasePage - Waiting for element to be visible: By.id: src
13:44:21.584 [main] INFO  com.Redbus.utils.BasePage - Waiting for element to be visible: By.id: dest
13:44:21.701 [main] INFO  com.Redbus.utils.BasePage - Clicking on element: By.id: onwardCal
13:44:21.701 [main] INFO  com.Redbus.utils.BasePage - Waiting for element to be visible: By.id: onwardCal
13:44:21.840 [main] INFO  com.Redbus.utils.BasePage - Clicking on element: By.id: DayNavigator__CalendarHeader-qj8jdz-
13:44:21.841 [main] INFO  com.Redbus.utils.BasePage - Waiting for element to be visible: By.id: DayNavigator__CalendarHeader-qj8jdz-
13:47:16.941 [main] INFO  com.Redbus.utils.BasePage - Waiting for element to be visible: By.id: src
13:47:17.254 [main] INFO  com.Redbus.utils.BasePage - Waiting for element to be visible: By.id: dest
13:47:17.388 [main] INFO  com.Redbus.utils.BasePage - Clicking on element: By.id: onwardCal
13:47:17.388 [main] INFO  com.Redbus.utils.BasePage - Waiting for element to be visible: By.id: onwardCal
13:47:17.554 [main] INFO  com.Redbus.utils.BasePage - Clicking on element: By.className: DayNavigator__CalendarHeader-qj8jdz-
13:47:17.555 [main] INFO  com.Redbus.utils.BasePage - Waiting for element to be visible: By.className: DayNavigator__CalendarHeader-qj8jdz-
13:47:45.833 [main] INFO  com.Redbus.utils.BasePage - Waiting for element to be visible: By.id: src
13:47:46.061 [main] INFO  com.Redbus.utils.BasePage - Waiting for element to be visible: By.id: dest
13:47:46.264 [main] INFO  com.Redbus.utils.BasePage - Clicking on element: By.id: onwardCal
13:47:46.265 [main] INFO  com.Redbus.utils.BasePage - Waiting for element to be visible: By.id: onwardCal
13:47:46.412 [main] INFO  com.Redbus.utils.BasePage - Clicking on element: By.className: DayNavigator__CalendarHeader-qj8jdz-
13:47:46.412 [main] INFO  com.Redbus.utils.BasePage - Waiting for element to be visible: By.className: DayNavigator__CalendarHeader-qj8jdz-
13:55:12.330 [main] INFO  com.Redbus.utils.BasePage - Waiting for element to be visible: By.id: src
13:55:12.523 [main] INFO  com.Redbus.utils.BasePage - Waiting for element to be visible: By.id: dest
13:55:12.727 [main] INFO  com.Redbus.utils.BasePage - Clicking on element: By.id: onwardCal
13:55:12.727 [main] INFO  com.Redbus.utils.BasePage - Waiting for element to be visible: By.id: onwardCal
13:55:12.867 [main] INFO  com.Redbus.utils.BasePage - Clicking on element: By.className: DayNavigator__CalendarHeader-qj8jdz-1
13:55:12.867 [main] INFO  com.Redbus.utils.BasePage - Waiting for element to be visible: By.className: DayNavigator__CalendarHeader-qj8jdz-1
13:55:13.002 [main] INFO  com.Redbus.utils.BasePage - Waiting for element to be visible: By.id: search_results
14:00:23.842 [main] INFO  com.Redbus.utils.BasePage - Waiting for element to be visible: By.id: src
14:00:24.026 [main] INFO  com.Redbus.utils.BasePage - Waiting for element to be visible: By.id: dest
14:00:24.235 [main] INFO  com.Redbus.utils.BasePage - Clicking on element: By.id: onwardCal
14:00:24.235 [main] INFO  com.Redbus.utils.BasePage - Waiting for element to be visible: By.id: onwardCal
14:00:24.411 [main] INFO  com.Redbus.utils.BasePage - Clicking on element: By.className: DayNavigator__CalendarHeader-qj8jdz-1
14:00:24.411 [main] INFO  com.Redbus.utils.BasePage - Waiting for element to be visible: By.className: DayNavigator__CalendarHeader-qj8jdz-1
14:00:24.573 [main] INFO  com.Redbus.utils.BasePage - Waiting for element to be visible: By.id: search_results
14:26:39.915 [main] INFO  com.Redbus.utils.BasePage - Waiting for element to be visible: By.id: src
14:26:40.081 [main] INFO  com.Redbus.utils.BasePage - Waiting for element to be visible: By.id: dest
14:26:40.217 [main] INFO  com.Redbus.utils.BasePage - Clicking on element: By.id: onwardCal
14:26:40.218 [main] INFO  com.Redbus.utils.BasePage - Waiting for element to be visible: By.id: onwardCal
14:26:40.451 [main] INFO  com.Redbus.utils.BasePage - Clicking on element: By.className: DayNavigator__CalendarHeader-qj8jdz-1
14:26:40.451 [main] INFO  com.Redbus.utils.BasePage - Waiting for element to be visible: By.className: DayNavigator__CalendarHeader-qj8jdz-1
14:26:41.026 [main] INFO  com.Redbus.utils.BasePage - Waiting for element to be visible: By.id: search_results
14:29:19.973 [main] INFO  com.Redbus.utils.BasePage - Waiting for element to be visible: By.id: src
14:29:20.235 [main] INFO  com.Redbus.utils.BasePage - Waiting for element to be visible: By.id: dest
14:29:20.360 [main] INFO  com.Redbus.utils.BasePage - Clicking on element: By.id: onwardCal
14:29:20.360 [main] INFO  com.Redbus.utils.BasePage - Waiting for element to be visible: By.id: onwardCal
14:29:20.485 [main] INFO  com.Redbus.utils.BasePage - Clicking on element: By.className: DayNavigator__CalendarHeader-qj8jdz-1
14:29:20.485 [main] INFO  com.Redbus.utils.BasePage - Waiting for element to be visible: By.className: DayNavigator__CalendarHeader-qj8jdz-1
14:30:04.454 [main] INFO  com.Redbus.utils.BasePage - Waiting for element to be visible: By.id: src
14:30:04.636 [main] INFO  com.Redbus.utils.BasePage - Waiting for element to be visible: By.id: dest
14:30:04.810 [main] INFO  com.Redbus.utils.BasePage - Clicking on element: By.id: onwardCal
14:30:04.810 [main] INFO  com.Redbus.utils.BasePage - Waiting for element to be visible: By.id: onwardCal
14:30:04.959 [main] INFO  com.Redbus.utils.BasePage - Clicking on element: By.className: DayNavigator__CalendarHeader-qj8jdz-1
14:30:04.959 [main] INFO  com.Redbus.utils.BasePage - Waiting for element to be visible: By.className: DayNavigator__CalendarHeader-qj8jdz-1
14:31:42.523 [main] INFO  com.Redbus.utils.BasePage - Waiting for element to be visible: By.id: src
14:31:42.669 [main] INFO  com.Redbus.utils.BasePage - Waiting for element to be visible: By.id: dest
14:31:42.832 [main] INFO  com.Redbus.utils.BasePage - Clicking on element: By.id: onwardCal
14:31:42.832 [main] INFO  com.Redbus.utils.BasePage - Waiting for element to be visible: By.id: onwardCal
14:31:43.087 [main] INFO  com.Redbus.utils.BasePage - Clicking on element: By.className: DayNavigator__CalendarHeader-qj8jdz-1
14:31:43.087 [main] INFO  com.Redbus.utils.BasePage - Waiting for element to be visible: By.className: DayNavigator__CalendarHeader-qj8jdz-1
14:31:44.357 [main] INFO  com.Redbus.utils.BasePage - Waiting for element to be visible: By.id: search_results
15:10:02.084 [main] INFO  com.Redbus.utils.BasePage - Waiting for element to be visible: By.id: src
15:10:02.266 [main] INFO  com.Redbus.utils.BasePage - Waiting for element to be visible: By.id: dest
15:10:02.478 [main] INFO  com.Redbus.utils.BasePage - Clicking on element: By.id: onwardCal
15:10:02.478 [main] INFO  com.Redbus.utils.BasePage - Waiting for element to be visible: By.id: onwardCal
15:10:02.633 [main] INFO  com.Redbus.utils.BasePage - Clicking on element: By.className: DayNavigator__CalendarHeader-qj8jdz-1
15:10:02.633 [main] INFO  com.Redbus.utils.BasePage - Waiting for element to be visible: By.className: DayNavigator__CalendarHeader-qj8jdz-1
15:17:05.365 [main] INFO  com.Redbus.utils.BasePage - Waiting for element to be visible: By.id: src
15:17:05.898 [main] INFO  com.Redbus.utils.BasePage - Waiting for element to be visible: By.id: dest
15:21:08.992 [main] INFO  com.Redbus.utils.BasePage - Waiting for element to be visible: By.id: src
15:21:09.759 [main] INFO  com.Redbus.utils.BasePage - Waiting for element to be visible: By.id: dest
15:21:09.952 [main] INFO  com.Redbus.utils.BasePage - Clicking on element: By.id: onwardCal
15:21:09.952 [main] INFO  com.Redbus.utils.BasePage - Waiting for element to be visible: By.id: onwardCal
15:22:03.381 [main] INFO  com.Redbus.utils.BasePage - Waiting for element to be visible: By.id: src
15:22:03.976 [main] INFO  com.Redbus.utils.BasePage - Waiting for element to be visible: By.id: dest
15:22:04.391 [main] INFO  com.Redbus.utils.BasePage - Clicking on element: By.id: onwardCal
15:22:04.393 [main] INFO  com.Redbus.utils.BasePage - Waiting for element to be visible: By.id: onwardCal
15:27:18.876 [main] INFO  com.Redbus.utils.BasePage - Waiting for element to be visible: By.id: src
15:27:19.112 [main] INFO  com.Redbus.utils.BasePage - Waiting for element to be visible: By.id: dest
15:27:19.235 [main] INFO  com.Redbus.utils.BasePage - Clicking on element: By.id: onwardCal
15:27:19.235 [main] INFO  com.Redbus.utils.BasePage - Waiting for element to be visible: By.id: onwardCal
15:27:19.471 [main] INFO  com.Redbus.utils.BasePage - Clicking on element: By.className: DayNavigator__CalendarHeader-qj8jdz-1
15:27:19.471 [main] INFO  com.Redbus.utils.BasePage - Waiting for element to be visible: By.className: DayNavigator__CalendarHeader-qj8jdz-1
15:30:29.096 [main] INFO  com.Redbus.utils.BasePage - Waiting for element to be visible: By.id: src
15:30:29.270 [main] INFO  com.Redbus.utils.BasePage - Waiting for element to be visible: By.id: dest
15:30:29.376 [main] INFO  com.Redbus.utils.BasePage - Clicking on element: By.id: onwardCal
15:30:29.376 [main] INFO  com.Redbus.utils.BasePage - Waiting for element to be visible: By.id: onwardCal
15:30:29.575 [main] INFO  com.Redbus.utils.BasePage - Clicking on element: By.className: DayNavigator__CalendarHeader-qj8jdz-1
15:30:29.575 [main] INFO  com.Redbus.utils.BasePage - Waiting for element to be visible: By.className: DayNavigator__CalendarHeader-qj8jdz-1
15:34:36.649 [main] INFO  com.Redbus.utils.BasePage - Waiting for element to be visible: By.id: src
15:34:36.870 [main] INFO  com.Redbus.utils.BasePage - Waiting for element to be visible: By.id: dest
15:34:37.048 [main] INFO  com.Redbus.utils.BasePage - Clicking on element: By.id: onwardCal
15:34:37.048 [main] INFO  com.Redbus.utils.BasePage - Waiting for element to be visible: By.id: onwardCal
15:34:37.192 [main] INFO  com.Redbus.utils.BasePage - Clicking on element: By.className: DayNavigator__CalendarHeader-qj8jdz-1
15:34:37.192 [main] INFO  com.Redbus.utils.BasePage - Waiting for element to be visible: By.className: DayNavigator__CalendarHeader-qj8jdz-1
15:34:37.408 [main] INFO  com.Redbus.utils.BasePage - Clicking on web element
15:34:37.471 [main] INFO  com.Redbus.utils.BasePage - Clicking on web element
15:34:37.536 [main] INFO  com.Redbus.utils.BasePage - Clicking on web element
15:34:37.622 [main] INFO  com.Redbus.utils.BasePage - Clicking on web element
15:38:09.371 [main] INFO  com.Redbus.utils.BasePage - Waiting for element to be visible: By.id: src
15:38:09.519 [main] INFO  com.Redbus.utils.BasePage - Waiting for element to be visible: By.id: dest
15:38:09.656 [main] INFO  com.Redbus.utils.BasePage - Clicking on element: By.id: onwardCal
15:38:09.656 [main] INFO  com.Redbus.utils.BasePage - Waiting for element to be visible: By.id: onwardCal
15:38:09.841 [main] INFO  com.Redbus.utils.BasePage - Clicking on element: By.className: DayNavigator__CalendarHeader-qj8jdz-1
15:38:09.841 [main] INFO  com.Redbus.utils.BasePage - Waiting for element to be visible: By.className: DayNavigator__CalendarHeader-qj8jdz-1
15:38:10.138 [main] INFO  com.Redbus.utils.BasePage - Clicking on web element
15:51:02.969 [main] INFO  com.Redbus.utils.BasePage - Waiting for element to be visible: By.id: src
15:51:03.180 [main] INFO  com.Redbus.utils.BasePage - Waiting for element to be visible: By.id: dest
15:51:03.288 [main] INFO  com.Redbus.utils.BasePage - Clicking on element: By.id: onwardCal
15:51:03.288 [main] INFO  com.Redbus.utils.BasePage - Waiting for element to be visible: By.id: onwardCal
15:51:03.418 [main] INFO  com.Redbus.utils.BasePage - Clicking on element: By.className: DayNavigator__CalendarHeader-qj8jdz-1
15:51:03.418 [main] INFO  com.Redbus.utils.BasePage - Waiting for element to be visible: By.className: DayNavigator__CalendarHeader-qj8jdz-1
15:51:03.712 [main] INFO  com.Redbus.utils.BasePage - Clicking on web element
15:53:07.408 [main] INFO  com.Redbus.utils.BasePage - Waiting for element to be visible: By.id: src
15:53:07.591 [main] INFO  com.Redbus.utils.BasePage - Waiting for element to be visible: By.id: dest
15:53:07.791 [main] INFO  com.Redbus.utils.BasePage - Clicking on element: By.id: onwardCal
15:53:07.791 [main] INFO  com.Redbus.utils.BasePage - Waiting for element to be visible: By.id: onwardCal
15:53:08.079 [main] INFO  com.Redbus.utils.BasePage - Clicking on element: By.className: DayNavigator__CalendarHeader-qj8jdz-1
15:53:08.079 [main] INFO  com.Redbus.utils.BasePage - Waiting for element to be visible: By.className: DayNavigator__CalendarHeader-qj8jdz-1
15:53:08.481 [main] INFO  com.Redbus.utils.BasePage - Clicking on web element
15:53:49.475 [main] INFO  com.Redbus.utils.BasePage - Waiting for element to be visible: By.id: src
15:53:49.652 [main] INFO  com.Redbus.utils.BasePage - Waiting for element to be visible: By.id: dest
15:53:49.881 [main] INFO  com.Redbus.utils.BasePage - Clicking on element: By.id: onwardCal
15:53:49.881 [main] INFO  com.Redbus.utils.BasePage - Waiting for element to be visible: By.id: onwardCal
15:53:50.023 [main] INFO  com.Redbus.utils.BasePage - Clicking on element: By.className: DayNavigator__CalendarHeader-qj8jdz-1
15:53:50.023 [main] INFO  com.Redbus.utils.BasePage - Waiting for element to be visible: By.className: DayNavigator__CalendarHeader-qj8jdz-1
15:53:50.208 [main] INFO  com.Redbus.utils.BasePage - Clicking on web element
16:04:34.738 [main] INFO  com.Redbus.utils.BasePage - Waiting for element to be visible: By.id: src
16:04:34.917 [main] INFO  com.Redbus.utils.BasePage - Waiting for element to be visible: By.id: dest
16:13:45.234 [main] INFO  com.Redbus.utils.BasePage - Waiting for element to be visible: By.id: src
16:13:45.429 [main] INFO  com.Redbus.utils.BasePage - Waiting for element to be visible: By.className: sc-dnqmqq
16:13:46.171 [main] INFO  com.Redbus.utils.BasePage - Waiting for element to be visible: By.id: src
16:13:46.247 [main] INFO  com.Redbus.utils.BasePage - Waiting for element to be visible: By.id: dest
16:13:46.346 [main] INFO  com.Redbus.utils.BasePage - Waiting for element to be visible: By.className: sc-dnqmqq
16:13:47.057 [main] INFO  com.Redbus.utils.BasePage - Waiting for element to be visible: By.id: dest
16:13:47.262 [main] INFO  com.Redbus.utils.BasePage - Clicking on web element
16:13:49.427 [main] INFO  com.Redbus.utils.BasePage - Clicking on web element
16:13:51.547 [main] INFO  com.Redbus.utils.BasePage - Clicking on web element
16:13:53.721 [main] INFO  com.Redbus.utils.BasePage - Clicking on web element
16:13:55.845 [main] INFO  com.Redbus.utils.BasePage - Clicking on web element
16:13:57.951 [main] INFO  com.Redbus.utils.BasePage - Clicking on web element
16:14:00.069 [main] INFO  com.Redbus.utils.BasePage - Clicking on web element
16:14:02.217 [main] INFO  com.Redbus.utils.BasePage - Clicking on web element
16:14:04.402 [main] INFO  com.Redbus.utils.BasePage - Clicking on web element
16:14:06.579 [main] INFO  com.Redbus.utils.BasePage - Clicking on web element
16:14:08.732 [main] INFO  com.Redbus.utils.BasePage - Clicking on web element
16:14:10.876 [main] INFO  com.Redbus.utils.BasePage - Clicking on web element
16:14:13.061 [main] INFO  com.Redbus.utils.BasePage - Clicking on web element
16:14:15.303 [main] INFO  com.Redbus.utils.BasePage - Clicking on web element
16:14:17.449 [main] INFO  com.Redbus.utils.BasePage - Clicking on web element
16:14:19.612 [main] INFO  com.Redbus.utils.BasePage - Clicking on web element
16:14:21.790 [main] INFO  com.Redbus.utils.BasePage - Clicking on web element
16:14:23.935 [main] INFO  com.Redbus.utils.BasePage - Clicking on web element
16:14:26.053 [main] INFO  com.Redbus.utils.BasePage - Clicking on web element
16:14:28.212 [main] INFO  com.Redbus.utils.BasePage - Clicking on web element
16:14:30.385 [main] INFO  com.Redbus.utils.BasePage - Clicking on web element
16:14:32.546 [main] INFO  com.Redbus.utils.BasePage - Clicking on web element
16:14:34.730 [main] INFO  com.Redbus.utils.BasePage - Clicking on web element
16:14:36.911 [main] INFO  com.Redbus.utils.BasePage - Clicking on web element
16:14:39.046 [main] INFO  com.Redbus.utils.BasePage - Clicking on web element
16:14:41.238 [main] INFO  com.Redbus.utils.BasePage - Clicking on web element
16:14:43.410 [main] INFO  com.Redbus.utils.BasePage - Clicking on web element
16:14:45.571 [main] INFO  com.Redbus.utils.BasePage - Clicking on web element
16:14:47.741 [main] INFO  com.Redbus.utils.BasePage - Clicking on web element
16:14:49.895 [main] INFO  com.Redbus.utils.BasePage - Clicking on web element
16:14:52.028 [main] INFO  com.Redbus.utils.BasePage - Clicking on web element
16:14:54.118 [main] INFO  com.Redbus.utils.BasePage - Waiting for element to be visible: By.id: search_results
16:19:52.151 [main] INFO  com.Redbus.utils.BasePage - Waiting for element to be visible: By.id: src
16:19:52.317 [main] INFO  com.Redbus.utils.BasePage - Waiting for element to be visible: By.className: sc-dnqmqq
16:19:53.016 [main] INFO  com.Redbus.utils.BasePage - Waiting for element to be visible: By.id: src
16:19:53.121 [main] INFO  com.Redbus.utils.BasePage - Waiting for element to be visible: By.id: dest
16:19:53.200 [main] INFO  com.Redbus.utils.BasePage - Waiting for element to be visible: By.className: sc-dnqmqq
16:19:53.857 [main] INFO  com.Redbus.utils.BasePage - Waiting for element to be visible: By.id: dest
16:19:54.063 [main] INFO  com.Redbus.utils.BasePage - Clicking on web element
16:19:56.176 [main] INFO  com.Redbus.utils.BasePage - Clicking on web element
16:19:58.353 [main] INFO  com.Redbus.utils.BasePage - Clicking on web element
16:20:00.463 [main] INFO  com.Redbus.utils.BasePage - Clicking on web element
16:20:02.622 [main] INFO  com.Redbus.utils.BasePage - Clicking on web element
16:20:04.808 [main] INFO  com.Redbus.utils.BasePage - Clicking on web element
16:20:07.017 [main] INFO  com.Redbus.utils.BasePage - Clicking on web element
16:20:09.159 [main] INFO  com.Redbus.utils.BasePage - Clicking on web element
16:20:11.278 [main] INFO  com.Redbus.utils.BasePage - Clicking on web element
16:20:13.418 [main] INFO  com.Redbus.utils.BasePage - Waiting for element to be visible: By.id: search_results
16:59:46.442 [main] INFO  com.Redbus.utils.BasePage - Waiting for element to be visible: By.id: src
16:59:46.631 [main] INFO  com.Redbus.utils.BasePage - Waiting for element to be visible: By.className: sc-dnqmqq
16:59:47.394 [main] INFO  com.Redbus.utils.BasePage - Waiting for element to be visible: By.id: src
16:59:47.492 [main] INFO  com.Redbus.utils.BasePage - Waiting for element to be visible: By.id: dest
16:59:47.607 [main] INFO  com.Redbus.utils.BasePage - Waiting for element to be visible: By.className: sc-dnqmqq
16:59:48.275 [main] INFO  com.Redbus.utils.BasePage - Waiting for element to be visible: By.id: dest
16:59:48.507 [main] INFO  com.Redbus.utils.BasePage - Clicking on web element
16:59:49.144 [main] INFO  com.Redbus.utils.BasePage - Clicking on web element
16:59:49.742 [main] INFO  com.Redbus.utils.BasePage - Clicking on web element
16:59:50.368 [main] INFO  com.Redbus.utils.BasePage - Clicking on web element
16:59:51.015 [main] INFO  com.Redbus.utils.BasePage - Clicking on web element
16:59:51.697 [main] INFO  com.Redbus.utils.BasePage - Clicking on web element
16:59:52.371 [main] INFO  com.Redbus.utils.BasePage - Clicking on web element
16:59:53.086 [main] INFO  com.Redbus.utils.BasePage - Clicking on web element
16:59:53.696 [main] INFO  com.Redbus.utils.BasePage - Clicking on web element
16:59:54.355 [main] INFO  com.Redbus.utils.BasePage - Clicking on web element
16:59:55.020 [main] INFO  com.Redbus.utils.BasePage - Clicking on web element
16:59:55.631 [main] INFO  com.Redbus.utils.BasePage - Clicking on web element
16:59:56.237 [main] INFO  com.Redbus.utils.BasePage - Clicking on web element
16:59:56.845 [main] INFO  com.Redbus.utils.BasePage - Clicking on web element
16:59:57.450 [main] INFO  com.Redbus.utils.BasePage - Clicking on web element
16:59:58.108 [main] INFO  com.Redbus.utils.BasePage - Clicking on web element
16:59:58.747 [main] INFO  com.Redbus.utils.BasePage - Waiting for element to be visible: By.id: search_results
17:12:17.099 [main] INFO  com.Redbus.utils.BasePage - Waiting for element to be visible: By.id: src
17:12:17.275 [main] INFO  com.Redbus.utils.BasePage - Waiting for element to be visible: By.className: sc-dnqmqq
17:12:17.943 [main] INFO  com.Redbus.utils.BasePage - Waiting for element to be visible: By.id: src
17:12:18.030 [main] INFO  com.Redbus.utils.BasePage - Waiting for element to be visible: By.id: dest
17:12:18.116 [main] INFO  com.Redbus.utils.BasePage - Waiting for element to be visible: By.className: sc-dnqmqq
17:12:18.747 [main] INFO  com.Redbus.utils.BasePage - Waiting for element to be visible: By.id: dest
17:12:18.975 [main] INFO  com.Redbus.utils.BasePage - Clicking on web element
17:12:19.601 [main] INFO  com.Redbus.utils.BasePage - Clicking on web element
17:12:20.223 [main] INFO  com.Redbus.utils.BasePage - Clicking on web element
17:12:20.870 [main] INFO  com.Redbus.utils.BasePage - Clicking on web element
17:12:21.526 [main] INFO  com.Redbus.utils.BasePage - Clicking on web element
17:12:22.166 [main] INFO  com.Redbus.utils.BasePage - Clicking on web element
17:12:22.800 [main] INFO  com.Redbus.utils.BasePage - Clicking on web element
17:12:23.409 [main] INFO  com.Redbus.utils.BasePage - Clicking on web element
17:12:24.061 [main] INFO  com.Redbus.utils.BasePage - Clicking on web element
17:12:24.709 [main] INFO  com.Redbus.utils.BasePage - Clicking on web element
17:12:25.300 [main] INFO  com.Redbus.utils.BasePage - Clicking on web element
17:12:25.899 [main] INFO  com.Redbus.utils.BasePage - Clicking on web element
17:12:26.503 [main] INFO  com.Redbus.utils.BasePage - Clicking on web element
17:12:27.113 [main] INFO  com.Redbus.utils.BasePage - Clicking on web element
17:12:27.764 [main] INFO  com.Redbus.utils.BasePage - Clicking on web element
17:12:28.397 [main] INFO  com.Redbus.utils.BasePage - Clicking on web element
17:12:29.031 [main] INFO  com.Redbus.utils.BasePage - Waiting for element to be visible: By.id: search_results
17:28:37.932 [main] INFO  com.Redbus.utils.BasePage - Waiting for element to be visible: By.id: src
17:28:38.102 [main] INFO  com.Redbus.utils.BasePage - Waiting for element to be visible: By.className: sc-dnqmqq
17:28:38.822 [main] INFO  com.Redbus.utils.BasePage - Waiting for element to be visible: By.id: src
17:28:38.902 [main] INFO  com.Redbus.utils.BasePage - Waiting for element to be visible: By.id: dest
17:28:38.992 [main] INFO  com.Redbus.utils.BasePage - Waiting for element to be visible: By.className: sc-dnqmqq
17:28:39.702 [main] INFO  com.Redbus.utils.BasePage - Waiting for element to be visible: By.id: dest
17:28:39.909 [main] INFO  com.Redbus.utils.BasePage - Clicking on web element
17:28:40.554 [main] INFO  com.Redbus.utils.BasePage - Clicking on web element
17:28:41.192 [main] INFO  com.Redbus.utils.BasePage - Clicking on web element
17:28:41.832 [main] INFO  com.Redbus.utils.BasePage - Clicking on web element
17:28:42.456 [main] INFO  com.Redbus.utils.BasePage - Clicking on web element
17:28:43.076 [main] INFO  com.Redbus.utils.BasePage - Clicking on web element
17:28:43.726 [main] INFO  com.Redbus.utils.BasePage - Clicking on web element
17:28:44.337 [main] INFO  com.Redbus.utils.BasePage - Clicking on web element
17:28:45.021 [main] INFO  com.Redbus.utils.BasePage - Clicking on web element
17:28:45.642 [main] INFO  com.Redbus.utils.BasePage - Clicking on web element
17:28:46.260 [main] INFO  com.Redbus.utils.BasePage - Clicking on web element
17:28:46.899 [main] INFO  com.Redbus.utils.BasePage - Clicking on web element
17:28:47.573 [main] INFO  com.Redbus.utils.BasePage - Clicking on web element
17:28:48.254 [main] INFO  com.Redbus.utils.BasePage - Clicking on web element
17:28:48.930 [main] INFO  com.Redbus.utils.BasePage - Clicking on web element
17:28:49.598 [main] INFO  com.Redbus.utils.BasePage - Clicking on web element
17:28:50.221 [main] INFO  com.Redbus.utils.BasePage - Waiting for element to be visible: By.id: search_results
17:34:18.636 [main] INFO  com.Redbus.utils.BasePage - Waiting for element to be visible: By.id: src
17:34:18.806 [main] INFO  com.Redbus.utils.BasePage - Waiting for element to be visible: By.className: sc-dnqmqq
17:34:19.621 [main] INFO  com.Redbus.utils.BasePage - Waiting for element to be visible: By.id: src
17:34:19.705 [main] INFO  com.Redbus.utils.BasePage - Waiting for element to be visible: By.id: dest
17:34:19.781 [main] INFO  com.Redbus.utils.BasePage - Waiting for element to be visible: By.className: sc-dnqmqq
17:34:20.424 [main] INFO  com.Redbus.utils.BasePage - Waiting for element to be visible: By.id: dest
17:34:20.623 [main] INFO  com.Redbus.utils.BasePage - Clicking on web element
17:34:21.279 [main] INFO  com.Redbus.utils.BasePage - Clicking on web element
17:34:21.894 [main] INFO  com.Redbus.utils.BasePage - Clicking on web element
17:34:22.521 [main] INFO  com.Redbus.utils.BasePage - Clicking on web element
17:34:23.159 [main] INFO  com.Redbus.utils.BasePage - Clicking on web element
17:34:23.814 [main] INFO  com.Redbus.utils.BasePage - Clicking on web element
17:34:24.451 [main] INFO  com.Redbus.utils.BasePage - Clicking on web element
17:34:25.086 [main] INFO  com.Redbus.utils.BasePage - Clicking on web element
17:34:25.745 [main] INFO  com.Redbus.utils.BasePage - Clicking on web element
17:34:26.394 [main] INFO  com.Redbus.utils.BasePage - Clicking on web element
17:34:27.016 [main] INFO  com.Redbus.utils.BasePage - Clicking on web element
17:34:27.612 [main] INFO  com.Redbus.utils.BasePage - Clicking on web element
17:34:28.247 [main] INFO  com.Redbus.utils.BasePage - Clicking on web element
17:34:28.911 [main] INFO  com.Redbus.utils.BasePage - Clicking on web element
17:34:29.575 [main] INFO  com.Redbus.utils.BasePage - Clicking on web element
17:34:30.179 [main] INFO  com.Redbus.utils.BasePage - Clicking on web element
17:34:31.113 [main] INFO  com.Redbus.utils.BasePage - Waiting for element to be visible: By.id: search_results
17:35:08.290 [main] INFO  com.Redbus.utils.BasePage - Waiting for element to be visible: By.id: src
17:35:08.460 [main] INFO  com.Redbus.utils.BasePage - Waiting for element to be visible: By.className: sc-dnqmqq
17:35:09.226 [main] INFO  com.Redbus.utils.BasePage - Waiting for element to be visible: By.id: src
17:35:09.415 [main] INFO  com.Redbus.utils.BasePage - Waiting for element to be visible: By.id: dest
17:35:09.552 [main] INFO  com.Redbus.utils.BasePage - Waiting for element to be visible: By.className: sc-dnqmqq
17:35:10.215 [main] INFO  com.Redbus.utils.BasePage - Waiting for element to be visible: By.id: dest
17:35:10.395 [main] INFO  com.Redbus.utils.BasePage - Clicking on web element
17:35:11.025 [main] INFO  com.Redbus.utils.BasePage - Clicking on web element
17:35:11.673 [main] INFO  com.Redbus.utils.BasePage - Clicking on web element
17:35:12.388 [main] INFO  com.Redbus.utils.BasePage - Clicking on web element
17:35:13.069 [main] INFO  com.Redbus.utils.BasePage - Clicking on web element
17:35:13.745 [main] INFO  com.Redbus.utils.BasePage - Clicking on web element
17:35:14.354 [main] INFO  com.Redbus.utils.BasePage - Clicking on web element
17:35:14.961 [main] INFO  com.Redbus.utils.BasePage - Clicking on web element
17:35:15.574 [main] INFO  com.Redbus.utils.BasePage - Clicking on web element
17:35:16.192 [main] INFO  com.Redbus.utils.BasePage - Clicking on web element
17:35:16.846 [main] INFO  com.Redbus.utils.BasePage - Clicking on web element
17:35:17.483 [main] INFO  com.Redbus.utils.BasePage - Clicking on web element
17:35:18.167 [main] INFO  com.Redbus.utils.BasePage - Clicking on web element
17:35:18.842 [main] INFO  com.Redbus.utils.BasePage - Clicking on web element
17:35:19.512 [main] INFO  com.Redbus.utils.BasePage - Clicking on web element
17:35:20.150 [main] INFO  com.Redbus.utils.BasePage - Clicking on web element
17:35:21.028 [main] INFO  com.Redbus.utils.BasePage - Clicking on element: By.id: search_button
17:35:21.030 [main] INFO  com.Redbus.utils.BasePage - Waiting for element to be visible: By.id: search_button
17:35:21.148 [main] INFO  com.Redbus.utils.BasePage - Waiting for element to be visible: By.id: search_results
17:36:00.746 [main] INFO  com.Redbus.utils.BasePage - Waiting for element to be visible: By.id: src
17:36:00.918 [main] INFO  com.Redbus.utils.BasePage - Waiting for element to be visible: By.className: sc-dnqmqq
17:36:01.582 [main] INFO  com.Redbus.utils.BasePage - Waiting for element to be visible: By.id: src
17:36:01.682 [main] INFO  com.Redbus.utils.BasePage - Waiting for element to be visible: By.id: dest
17:36:01.781 [main] INFO  com.Redbus.utils.BasePage - Waiting for element to be visible: By.className: sc-dnqmqq
17:36:02.457 [main] INFO  com.Redbus.utils.BasePage - Waiting for element to be visible: By.id: dest
17:36:02.651 [main] INFO  com.Redbus.utils.BasePage - Clicking on web element
17:36:03.254 [main] INFO  com.Redbus.utils.BasePage - Clicking on web element
17:36:03.909 [main] INFO  com.Redbus.utils.BasePage - Clicking on web element
17:36:04.565 [main] INFO  com.Redbus.utils.BasePage - Clicking on web element
17:36:05.465 [main] INFO  com.Redbus.utils.BasePage - Clicking on element: By.id: search_button
17:36:05.468 [main] INFO  com.Redbus.utils.BasePage - Waiting for element to be visible: By.id: search_button
17:36:05.572 [main] INFO  com.Redbus.utils.BasePage - Waiting for element to be visible: By.id: search_results
17:37:30.567 [main] INFO  com.Redbus.utils.BasePage - Waiting for element to be visible: By.id: src
17:37:30.742 [main] INFO  com.Redbus.utils.BasePage - Waiting for element to be visible: By.className: sc-dnqmqq
17:37:31.371 [main] INFO  com.Redbus.utils.BasePage - Waiting for element to be visible: By.id: src
17:37:31.457 [main] INFO  com.Redbus.utils.BasePage - Waiting for element to be visible: By.id: dest
17:37:31.544 [main] INFO  com.Redbus.utils.BasePage - Waiting for element to be visible: By.className: sc-dnqmqq
17:37:32.234 [main] INFO  com.Redbus.utils.BasePage - Waiting for element to be visible: By.id: dest
17:37:32.645 [main] INFO  com.Redbus.utils.BasePage - Clicking on element: By.id: search_button
17:37:32.645 [main] INFO  com.Redbus.utils.BasePage - Waiting for element to be visible: By.id: search_button
17:37:32.752 [main] INFO  com.Redbus.utils.BasePage - Waiting for element to be visible: By.id: search_results
17:47:31.454 [main] INFO  com.Redbus.utils.BasePage - Waiting for element to be visible: By.id: src
17:47:31.624 [main] INFO  com.Redbus.utils.BasePage - Waiting for element to be visible: By.className: sc-dnqmqq
17:47:32.358 [main] INFO  com.Redbus.utils.BasePage - Waiting for element to be visible: By.id: src
17:47:32.438 [main] INFO  com.Redbus.utils.BasePage - Waiting for element to be visible: By.id: dest
17:47:32.513 [main] INFO  com.Redbus.utils.BasePage - Waiting for element to be visible: By.className: sc-dnqmqq
17:47:33.156 [main] INFO  com.Redbus.utils.BasePage - Waiting for element to be visible: By.id: dest
17:47:33.567 [main] INFO  com.Redbus.utils.BasePage - Clicking on element: By.id: search_button
17:47:33.567 [main] INFO  com.Redbus.utils.BasePage - Waiting for element to be visible: By.id: search_button
17:47:33.655 [main] INFO  com.Redbus.utils.BasePage - Waiting for element to be visible: By.id: search_section
17:50:30.806 [main] INFO  com.Redbus.utils.BasePage - Waiting for element to be visible: By.id: src
17:50:30.969 [main] INFO  com.Redbus.utils.BasePage - Waiting for element to be visible: By.className: sc-dnqmqq
17:50:31.642 [main] INFO  com.Redbus.utils.BasePage - Waiting for element to be visible: By.id: src
17:50:31.725 [main] INFO  com.Redbus.utils.BasePage - Waiting for element to be visible: By.id: dest
17:50:31.817 [main] INFO  com.Redbus.utils.BasePage - Waiting for element to be visible: By.className: sc-dnqmqq
17:50:32.471 [main] INFO  com.Redbus.utils.BasePage - Waiting for element to be visible: By.id: dest
17:50:32.868 [main] INFO  com.Redbus.utils.BasePage - Clicking on element: By.id: search_button
17:50:32.869 [main] INFO  com.Redbus.utils.BasePage - Waiting for element to be visible: By.id: search_button
17:50:32.961 [main] INFO  com.Redbus.utils.BasePage - Waiting for element to be visible: By.id: result-section
17:50:36.599 [main] INFO  com.Redbus.utils.BasePage - Checking if element is displayed: By.id: result-section
17:50:36.599 [main] INFO  com.Redbus.utils.BasePage - Waiting for element to be visible: By.id: result-section
19:38:20.859 [main] INFO  com.Redbus.utils.BasePage - Waiting for element to be visible: By.id: src
19:38:21.069 [main] INFO  com.Redbus.utils.BasePage - Waiting for element to be visible: By.className: sc-dnqmqq
19:38:21.726 [main] INFO  com.Redbus.utils.BasePage - Waiting for element to be visible: By.id: src
19:38:21.812 [main] INFO  com.Redbus.utils.BasePage - Waiting for element to be visible: By.id: dest
19:38:21.898 [main] INFO  com.Redbus.utils.BasePage - Waiting for element to be visible: By.className: sc-dnqmqq
19:38:22.571 [main] INFO  com.Redbus.utils.BasePage - Waiting for element to be visible: By.id: dest
19:38:23.039 [main] INFO  com.Redbus.utils.BasePage - Clicking on element: By.id: search_button
19:38:23.040 [main] INFO  com.Redbus.utils.BasePage - Waiting for element to be visible: By.id: search_button
19:38:23.120 [main] INFO  com.Redbus.utils.BasePage - Waiting for element to be visible: By.id: result-section
19:38:27.350 [main] INFO  com.Redbus.utils.BasePage - Waiting for element to be visible: By.className: sort-sec
19:40:13.442 [main] INFO  com.Redbus.utils.BasePage - Waiting for element to be visible: By.id: src
19:40:13.579 [main] INFO  com.Redbus.utils.BasePage - Waiting for element to be visible: By.className: sc-dnqmqq
19:40:14.304 [main] INFO  com.Redbus.utils.BasePage - Waiting for element to be visible: By.id: src
19:40:14.384 [main] INFO  com.Redbus.utils.BasePage - Waiting for element to be visible: By.id: dest
19:40:14.457 [main] INFO  com.Redbus.utils.BasePage - Waiting for element to be visible: By.className: sc-dnqmqq
19:40:15.143 [main] INFO  com.Redbus.utils.BasePage - Waiting for element to be visible: By.id: dest
19:40:15.552 [main] INFO  com.Redbus.utils.BasePage - Clicking on element: By.id: search_button
19:40:15.552 [main] INFO  com.Redbus.utils.BasePage - Waiting for element to be visible: By.id: search_button
19:40:15.632 [main] INFO  com.Redbus.utils.BasePage - Waiting for element to be visible: By.id: result-section
19:40:19.251 [main] INFO  com.Redbus.utils.BasePage - Waiting for element to be visible: By.className: sort-sec
19:47:28.659 [main] INFO  com.Redbus.utils.BasePage - Waiting for element to be visible: By.id: src
19:47:28.825 [main] INFO  com.Redbus.utils.BasePage - Waiting for element to be visible: By.className: sc-dnqmqq
19:47:29.470 [main] INFO  com.Redbus.utils.BasePage - Waiting for element to be visible: By.id: src
19:47:29.556 [main] INFO  com.Redbus.utils.BasePage - Waiting for element to be visible: By.id: dest
19:47:29.633 [main] INFO  com.Redbus.utils.BasePage - Waiting for element to be visible: By.className: sc-dnqmqq
19:47:30.380 [main] INFO  com.Redbus.utils.BasePage - Waiting for element to be visible: By.id: dest
19:47:30.813 [main] INFO  com.Redbus.utils.BasePage - Clicking on element: By.id: search_button
19:47:30.813 [main] INFO  com.Redbus.utils.BasePage - Waiting for element to be visible: By.id: search_button
19:47:30.887 [main] INFO  com.Redbus.utils.BasePage - Waiting for element to be visible: By.id: result-section
19:47:33.961 [main] INFO  com.Redbus.utils.BasePage - Waiting for element to be visible: By.className: sort-sec
19:47:34.229 [main] INFO  com.Redbus.utils.BasePage - Waiting for element to be visible: By.className: sort-sec
19:47:34.660 [main] INFO  com.Redbus.utils.BasePage - Checking if element is displayed: By.id: result-section
19:47:34.660 [main] INFO  com.Redbus.utils.BasePage - Waiting for element to be visible: By.id: result-section
19:49:06.278 [main] INFO  com.Redbus.utils.BasePage - Waiting for element to be visible: By.id: src
19:49:06.432 [main] INFO  com.Redbus.utils.BasePage - Waiting for element to be visible: By.className: sc-dnqmqq
19:49:07.119 [main] INFO  com.Redbus.utils.BasePage - Waiting for element to be visible: By.id: src
19:49:07.195 [main] INFO  com.Redbus.utils.BasePage - Waiting for element to be visible: By.id: dest
19:49:07.287 [main] INFO  com.Redbus.utils.BasePage - Waiting for element to be visible: By.className: sc-dnqmqq
19:49:07.959 [main] INFO  com.Redbus.utils.BasePage - Waiting for element to be visible: By.id: dest
19:49:08.386 [main] INFO  com.Redbus.utils.BasePage - Clicking on element: By.id: search_button
19:49:08.386 [main] INFO  com.Redbus.utils.BasePage - Waiting for element to be visible: By.id: search_button
19:49:08.465 [main] INFO  com.Redbus.utils.BasePage - Waiting for element to be visible: By.id: result-section
19:49:12.043 [main] INFO  com.Redbus.utils.BasePage - Waiting for element to be visible: By.className: sort-sec
19:49:12.498 [main] INFO  com.Redbus.utils.BasePage - Waiting for element to be visible: By.className: sort-sec
19:49:13.812 [main] INFO  com.Redbus.utils.BasePage - Checking if element is displayed: By.id: result-section
19:49:13.814 [main] INFO  com.Redbus.utils.BasePage - Waiting for element to be visible: By.id: result-section
19:49:42.362 [main] INFO  com.Redbus.utils.BasePage - Waiting for element to be visible: By.id: src
19:49:42.516 [main] INFO  com.Redbus.utils.BasePage - Waiting for element to be visible: By.className: sc-dnqmqq
19:49:43.246 [main] INFO  com.Redbus.utils.BasePage - Waiting for element to be visible: By.id: src
19:49:43.326 [main] INFO  com.Redbus.utils.BasePage - Waiting for element to be visible: By.id: dest
19:49:43.405 [main] INFO  com.Redbus.utils.BasePage - Waiting for element to be visible: By.className: sc-dnqmqq
19:49:44.054 [main] INFO  com.Redbus.utils.BasePage - Waiting for element to be visible: By.id: dest
19:49:44.489 [main] INFO  com.Redbus.utils.BasePage - Clicking on element: By.id: search_button
19:49:44.490 [main] INFO  com.Redbus.utils.BasePage - Waiting for element to be visible: By.id: search_button
19:49:44.570 [main] INFO  com.Redbus.utils.BasePage - Waiting for element to be visible: By.id: result-section
19:49:48.023 [main] INFO  com.Redbus.utils.BasePage - Waiting for element to be visible: By.className: sort-sec
19:49:48.275 [main] INFO  com.Redbus.utils.BasePage - Waiting for element to be visible: By.className: sort-sec
19:49:49.779 [main] INFO  com.Redbus.utils.BasePage - Checking if element is displayed: By.id: result-section
19:49:49.779 [main] INFO  com.Redbus.utils.BasePage - Waiting for element to be visible: By.id: result-section
20:32:21.056 [main] INFO  com.Redbus.utils.BasePage - Waiting for element to be visible: By.id: rail-ticket-vertical
20:33:17.913 [main] INFO  com.Redbus.utils.BasePage - Waiting for element to be visible: By.id: rail-tickets-vertical
20:34:27.173 [main] INFO  com.Redbus.utils.BasePage - Waiting for element to be visible: By.id: rail_tickets_vertical
20:34:29.880 [main] INFO  com.Redbus.utils.BasePage - Waiting for element to be visible: By.id: src
20:34:30.023 [main] INFO  com.Redbus.utils.BasePage - Waiting for element to be visible: By.id: dst
20:34:30.140 [main] INFO  com.Redbus.utils.BasePage - Clicking on element: By.id: search-btn
20:34:30.140 [main] INFO  com.Redbus.utils.BasePage - Waiting for element to be visible: By.id: search-btn
20:36:14.609 [main] INFO  com.Redbus.utils.BasePage - Waiting for element to be visible: By.id: rail_tickets_vertical
20:36:17.085 [main] INFO  com.Redbus.utils.BasePage - Waiting for element to be visible: By.id: src
20:36:17.279 [main] INFO  com.Redbus.utils.BasePage - Waiting for element to be visible: By.id: dst
20:36:17.402 [main] INFO  com.Redbus.utils.BasePage - Clicking on element: By.className: search-btn
20:36:17.402 [main] INFO  com.Redbus.utils.BasePage - Waiting for element to be visible: By.className: search-btn
20:52:18.772 [main] INFO  com.Redbus.utils.BasePage - Waiting for element to be visible: By.id: rail_tickets_vertical
20:52:21.281 [main] INFO  com.Redbus.utils.BasePage - Waiting for element to be visible: By.id: src
20:52:21.457 [main] INFO  com.Redbus.utils.BasePage - Waiting for element to be visible: By.id: dst
20:52:21.578 [main] INFO  com.Redbus.utils.BasePage - Clicking on element: By.className: search-btn
20:52:21.578 [main] INFO  com.Redbus.utils.BasePage - Waiting for element to be visible: By.className: search-btn
20:52:21.698 [main] INFO  com.Redbus.utils.BasePage - Waiting for elements to be visible: By.className: search_tupple_wrap
20:53:22.631 [main] INFO  com.Redbus.utils.BasePage - Waiting for element to be visible: By.id: rail_tickets_vertical
20:53:24.077 [main] INFO  com.Redbus.utils.BasePage - Waiting for element to be visible: By.id: src
20:53:24.434 [main] INFO  com.Redbus.utils.BasePage - Waiting for element to be visible: By.id: dst
20:53:24.541 [main] INFO  com.Redbus.utils.BasePage - Clicking on element: By.className: search-btn
20:53:24.541 [main] INFO  com.Redbus.utils.BasePage - Waiting for element to be visible: By.className: search-btn
20:53:24.633 [main] INFO  com.Redbus.utils.BasePage - Waiting for elements to be visible: By.className: search_tupple_wrap
20:55:10.316 [main] INFO  com.Redbus.utils.BasePage - Waiting for element to be visible: By.id: rail_tickets_vertical
20:55:13.101 [main] INFO  com.Redbus.utils.BasePage - Waiting for element to be visible: By.id: src
20:55:13.243 [main] INFO  com.Redbus.utils.BasePage - Waiting for element to be visible: By.id: dst
20:55:13.368 [main] INFO  com.Redbus.utils.BasePage - Clicking on element: By.className: search-btn
20:55:13.368 [main] INFO  com.Redbus.utils.BasePage - Waiting for element to be visible: By.className: search-btn
20:55:15.466 [main] INFO  com.Redbus.utils.BasePage - Waiting for elements to be visible: By.className: search_tupple_wrap
20:55:35.226 [main] INFO  com.Redbus.utils.BasePage - Waiting for element to be visible: By.id: rail_tickets_vertical
20:55:37.733 [main] INFO  com.Redbus.utils.BasePage - Waiting for element to be visible: By.id: src
20:55:37.917 [main] INFO  com.Redbus.utils.BasePage - Waiting for element to be visible: By.id: dst
20:55:38.092 [main] INFO  com.Redbus.utils.BasePage - Clicking on element: By.className: search-btn
20:55:38.092 [main] INFO  com.Redbus.utils.BasePage - Waiting for element to be visible: By.className: search-btn
20:55:40.180 [main] INFO  com.Redbus.utils.BasePage - Waiting for elements to be visible: By.className: search_tupple_wrap
20:56:31.744 [main] INFO  com.Redbus.utils.BasePage - Waiting for element to be visible: By.id: rail_tickets_vertical
20:56:34.434 [main] INFO  com.Redbus.utils.BasePage - Waiting for element to be visible: By.id: src
20:56:34.572 [main] INFO  com.Redbus.utils.BasePage - Waiting for element to be visible: By.id: dst
20:56:34.708 [main] INFO  com.Redbus.utils.BasePage - Clicking on element: By.className: search-btn
20:56:34.708 [main] INFO  com.Redbus.utils.BasePage - Waiting for element to be visible: By.className: search-btn
20:56:36.813 [main] INFO  com.Redbus.utils.BasePage - Waiting for elements to be visible: By.className: search_tupple_wrap
21:20:36.130 [main] INFO  com.Redbus.utils.BasePage - Waiting for element to be visible: By.id: rail_tickets_vertical
21:20:38.509 [main] INFO  com.Redbus.utils.BasePage - Waiting for element to be visible: By.id: src
21:20:38.657 [main] INFO  com.Redbus.utils.BasePage - Waiting for element to be visible: By.className: src_search_wrapper
21:20:38.834 [main] INFO  com.Redbus.utils.BasePage - Waiting for element to be visible: By.id: dst
21:20:38.964 [main] INFO  com.Redbus.utils.BasePage - Waiting for element to be visible: By.className: dst_search_wrapper"
21:22:03.743 [main] INFO  com.Redbus.utils.BasePage - Waiting for element to be visible: By.id: rail_tickets_vertical
21:22:06.267 [main] INFO  com.Redbus.utils.BasePage - Waiting for element to be visible: By.id: src
21:22:06.409 [main] INFO  com.Redbus.utils.BasePage - Waiting for element to be visible: By.className: src_search_wrapper
21:22:06.519 [main] INFO  com.Redbus.utils.BasePage - Waiting for element to be visible: By.id: dst
21:22:06.637 [main] INFO  com.Redbus.utils.BasePage - Waiting for element to be visible: By.className: dst_search_wrapper
21:22:06.747 [main] INFO  com.Redbus.utils.BasePage - Clicking on element: By.className: search-btn
21:22:06.747 [main] INFO  com.Redbus.utils.BasePage - Waiting for element to be visible: By.className: search-btn
21:22:08.853 [main] INFO  com.Redbus.utils.BasePage - Waiting for elements to be visible: By.className: search_tupple_wrap
21:22:25.284 [main] INFO  com.Redbus.utils.BasePage - Waiting for element to be visible: By.id: rail_tickets_vertical
21:22:27.870 [main] INFO  com.Redbus.utils.BasePage - Waiting for element to be visible: By.id: src
21:22:28.061 [main] INFO  com.Redbus.utils.BasePage - Waiting for element to be visible: By.className: src_search_wrapper
21:22:28.188 [main] INFO  com.Redbus.utils.BasePage - Waiting for element to be visible: By.id: dst
21:22:28.341 [main] INFO  com.Redbus.utils.BasePage - Waiting for element to be visible: By.className: dst_search_wrapper
21:22:28.445 [main] INFO  com.Redbus.utils.BasePage - Clicking on element: By.className: search-btn
21:22:28.446 [main] INFO  com.Redbus.utils.BasePage - Waiting for element to be visible: By.className: search-btn
21:22:30.567 [main] INFO  com.Redbus.utils.BasePage - Waiting for elements to be visible: By.className: search_tupple_wrap
21:26:13.673 [main] INFO  com.Redbus.utils.BasePage - Waiting for element to be visible: By.id: rail_tickets_vertical
21:26:16.210 [main] INFO  com.Redbus.utils.BasePage - Waiting for element to be visible: By.id: src
21:26:16.400 [main] INFO  com.Redbus.utils.BasePage - Waiting for element to be visible: By.className: src_search_wrapper
21:26:16.506 [main] INFO  com.Redbus.utils.BasePage - Waiting for element to be visible: By.id: dst
21:26:16.619 [main] INFO  com.Redbus.utils.BasePage - Waiting for element to be visible: By.className: dst_search_wrapper
21:26:16.709 [main] INFO  com.Redbus.utils.BasePage - Clicking on element: By.className: search-btn
21:26:16.709 [main] INFO  com.Redbus.utils.BasePage - Waiting for element to be visible: By.className: search-btn
21:26:18.844 [main] INFO  com.Redbus.utils.BasePage - Waiting for elements to be visible: By.className: search_tupple_wrap
21:27:39.142 [main] INFO  com.Redbus.utils.BasePage - Waiting for element to be visible: By.id: rail_tickets_vertical
21:27:42.173 [main] INFO  com.Redbus.utils.BasePage - Waiting for element to be visible: By.id: src
21:27:42.324 [main] INFO  com.Redbus.utils.BasePage - Waiting for element to be visible: By.className: src_search_wrapper
21:27:42.444 [main] INFO  com.Redbus.utils.BasePage - Waiting for element to be visible: By.id: dst
21:27:42.583 [main] INFO  com.Redbus.utils.BasePage - Waiting for element to be visible: By.className: dst_search_wrapper
21:29:22.961 [main] INFO  com.Redbus.utils.BasePage - Waiting for element to be visible: By.id: rail_tickets_vertical
21:29:25.201 [main] INFO  com.Redbus.utils.BasePage - Waiting for element to be visible: By.id: src
21:29:25.346 [main] INFO  com.Redbus.utils.BasePage - Waiting for element to be visible: By.className: src_search_wrapper
21:29:25.668 [main] INFO  com.Redbus.utils.BasePage - Waiting for element to be visible: By.id: dst
21:29:25.783 [main] INFO  com.Redbus.utils.BasePage - Waiting for element to be visible: By.className: dst_search_wrapper
21:30:23.539 [main] INFO  com.Redbus.utils.BasePage - Waiting for element to be visible: By.id: src
21:30:23.706 [main] INFO  com.Redbus.utils.BasePage - Waiting for element to be visible: By.className: sc-dnqmqq
21:30:24.384 [main] INFO  com.Redbus.utils.BasePage - Waiting for element to be visible: By.id: src
21:30:24.466 [main] INFO  com.Redbus.utils.BasePage - Waiting for element to be visible: By.id: dest
21:30:24.544 [main] INFO  com.Redbus.utils.BasePage - Waiting for element to be visible: By.className: sc-dnqmqq
21:30:25.236 [main] INFO  com.Redbus.utils.BasePage - Waiting for element to be visible: By.id: dest
21:30:25.682 [main] INFO  com.Redbus.utils.BasePage - Clicking on element: By.id: search_button
21:30:25.682 [main] INFO  com.Redbus.utils.BasePage - Waiting for element to be visible: By.id: search_button
21:30:25.814 [main] INFO  com.Redbus.utils.BasePage - Waiting for element to be visible: By.id: result-section
21:30:30.001 [main] INFO  com.Redbus.utils.BasePage - Waiting for element to be visible: By.className: sort-sec
21:30:30.278 [main] INFO  com.Redbus.utils.BasePage - Waiting for element to be visible: By.className: sort-sec
21:30:30.557 [main] INFO  com.Redbus.utils.BasePage - Checking if element is displayed: By.id: result-section
21:30:30.557 [main] INFO  com.Redbus.utils.BasePage - Waiting for element to be visible: By.id: result-section
21:30:43.043 [main] INFO  com.Redbus.utils.BasePage - Waiting for element to be visible: By.id: rail_tickets_vertical
21:30:45.770 [main] INFO  com.Redbus.utils.BasePage - Waiting for element to be visible: By.id: src
21:30:45.930 [main] INFO  com.Redbus.utils.BasePage - Waiting for element to be visible: By.className: src_search_wrapper
21:30:46.051 [main] INFO  com.Redbus.utils.BasePage - Waiting for element to be visible: By.id: dst
21:30:48.189 [main] INFO  com.Redbus.utils.BasePage - Waiting for element to be visible: By.className: dst_search_wrapper
21:32:39.438 [main] INFO  com.Redbus.utils.BasePage - Waiting for element to be visible: By.id: rail_tickets_vertical
21:32:42.337 [main] INFO  com.Redbus.utils.BasePage - Waiting for element to be visible: By.id: src
21:32:42.500 [main] INFO  com.Redbus.utils.BasePage - Waiting for element to be visible: By.className: src_search_wrapper
21:32:42.620 [main] INFO  com.Redbus.utils.BasePage - Waiting for element to be visible: By.id: dst
21:32:44.782 [main] INFO  com.Redbus.utils.BasePage - Waiting for element to be visible: By.className: dst_search_wrapper
21:34:02.197 [main] INFO  com.Redbus.utils.BasePage - Waiting for element to be visible: By.id: rail_tickets_vertical
21:34:04.631 [main] INFO  com.Redbus.utils.BasePage - Waiting for element to be visible: By.id: src
21:34:04.806 [main] INFO  com.Redbus.utils.BasePage - Waiting for element to be visible: By.className: src_search_wrapper
21:34:04.909 [main] INFO  com.Redbus.utils.BasePage - Waiting for element to be visible: By.id: dst
21:34:10.045 [main] INFO  com.Redbus.utils.BasePage - Waiting for element to be visible: By.className: dst_search_wrapper
21:36:45.045 [main] INFO  com.Redbus.utils.BasePage - Waiting for element to be visible: By.id: rail_tickets_vertical
21:36:47.413 [main] INFO  com.Redbus.utils.BasePage - Waiting for element to be visible: By.id: src
21:36:47.698 [main] INFO  com.Redbus.utils.BasePage - Waiting for element to be visible: By.className: src_search_wrapper
21:36:47.801 [main] INFO  com.Redbus.utils.BasePage - Waiting for element to be visible: By.id: dst
21:36:47.920 [main] INFO  com.Redbus.utils.BasePage - Waiting for element to be visible: By.className: dst_search_wrapper
21:39:51.256 [main] INFO  com.Redbus.utils.BasePage - Waiting for element to be visible: By.id: src
21:39:51.596 [main] INFO  com.Redbus.utils.BasePage - Waiting for element to be visible: By.className: sc-dnqmqq
21:39:52.248 [main] INFO  com.Redbus.utils.BasePage - Waiting for element to be visible: By.id: src
21:39:52.344 [main] INFO  com.Redbus.utils.BasePage - Waiting for element to be visible: By.id: dest
21:39:52.418 [main] INFO  com.Redbus.utils.BasePage - Waiting for element to be visible: By.className: sc-dnqmqq
21:39:53.057 [main] INFO  com.Redbus.utils.BasePage - Waiting for element to be visible: By.id: dest
21:39:53.488 [main] INFO  com.Redbus.utils.BasePage - Clicking on element: By.id: search_button
21:39:53.488 [main] INFO  com.Redbus.utils.BasePage - Waiting for element to be visible: By.id: search_button
21:39:53.631 [main] INFO  com.Redbus.utils.BasePage - Waiting for element to be visible: By.id: result-section
21:39:58.526 [main] INFO  com.Redbus.utils.BasePage - Waiting for element to be visible: By.className: sort-sec
21:39:58.910 [main] INFO  com.Redbus.utils.BasePage - Waiting for element to be visible: By.className: sort-sec
21:39:59.224 [main] INFO  com.Redbus.utils.BasePage - Checking if element is displayed: By.id: result-section
21:39:59.224 [main] INFO  com.Redbus.utils.BasePage - Waiting for element to be visible: By.id: result-section
21:40:07.326 [main] INFO  com.Redbus.utils.BasePage - Waiting for element to be visible: By.id: src
21:40:07.454 [main] INFO  com.Redbus.utils.BasePage - Waiting for element to be visible: By.className: sc-dnqmqq
21:40:08.164 [main] INFO  com.Redbus.utils.BasePage - Waiting for element to be visible: By.id: src
21:40:08.265 [main] INFO  com.Redbus.utils.BasePage - Waiting for element to be visible: By.id: dest
21:40:08.378 [main] INFO  com.Redbus.utils.BasePage - Waiting for element to be visible: By.className: sc-dnqmqq
21:40:09.080 [main] INFO  com.Redbus.utils.BasePage - Waiting for element to be visible: By.id: dest
21:40:09.577 [main] INFO  com.Redbus.utils.BasePage - Clicking on element: By.id: search_button
21:40:09.577 [main] INFO  com.Redbus.utils.BasePage - Waiting for element to be visible: By.id: search_button
21:40:09.758 [main] INFO  com.Redbus.utils.BasePage - Waiting for element to be visible: By.id: result-section
21:40:12.589 [main] INFO  com.Redbus.utils.BasePage - Checking if element is displayed: By.id: result-section
21:40:12.589 [main] INFO  com.Redbus.utils.BasePage - Waiting for element to be visible: By.id: result-section
21:40:18.043 [main] INFO  com.Redbus.utils.BasePage - Waiting for element to be visible: By.id: rail_tickets_vertical
21:40:20.296 [main] INFO  com.Redbus.utils.BasePage - Waiting for element to be visible: By.id: src
21:40:20.478 [main] INFO  com.Redbus.utils.BasePage - Waiting for element to be visible: By.className: src_search_wrapper
21:40:20.590 [main] INFO  com.Redbus.utils.BasePage - Waiting for element to be visible: By.id: dst
21:40:20.710 [main] INFO  com.Redbus.utils.BasePage - Waiting for element to be visible: By.className: dst_search_wrapper
21:43:59.475 [main] INFO  com.Redbus.utils.BasePage - Waiting for element to be visible: By.id: rail_tickets_vertical
21:44:02.655 [main] INFO  com.Redbus.utils.BasePage - Waiting for element to be visible: By.id: src
21:44:02.819 [main] INFO  com.Redbus.utils.BasePage - Waiting for element to be visible: By.className: src_search_wrapper
21:44:02.942 [main] INFO  com.Redbus.utils.BasePage - Waiting for element to be visible: By.id: dst
21:44:03.084 [main] INFO  com.Redbus.utils.BasePage - Waiting for element to be visible: By.className: dst_search_wrapper
21:44:03.124 [main] INFO  com.Redbus.utils.BasePage - Waiting for element to be visible: By.className: dst_search_wrapper
21:45:53.009 [main] INFO  com.Redbus.utils.BasePage - Waiting for element to be visible: By.id: rail_tickets_vertical
21:45:56.733 [main] INFO  com.Redbus.utils.BasePage - Waiting for element to be visible: By.id: src
21:45:56.882 [main] INFO  com.Redbus.utils.BasePage - Waiting for element to be visible: By.className: src_search_wrapper
21:45:56.991 [main] INFO  com.Redbus.utils.BasePage - Waiting for element to be visible: By.id: dst
21:45:57.112 [main] INFO  com.Redbus.utils.BasePage - Waiting for elements to be visible: By.className: stn_code
21:47:11.305 [main] INFO  com.Redbus.utils.BasePage - Waiting for element to be visible: By.id: rail_tickets_vertical
21:47:14.798 [main] INFO  com.Redbus.utils.BasePage - Waiting for element to be visible: By.id: src
21:47:14.946 [main] INFO  com.Redbus.utils.BasePage - Waiting for element to be visible: By.className: src_search_wrapper
21:47:15.064 [main] INFO  com.Redbus.utils.BasePage - Waiting for element to be visible: By.id: dst
21:47:20.200 [main] INFO  com.Redbus.utils.BasePage - Waiting for elements to be visible: By.className: stn_code
21:51:21.949 [main] INFO  com.Redbus.utils.BasePage - Waiting for element to be visible: By.id: rail_tickets_vertical
21:51:31.537 [main] INFO  com.Redbus.utils.BasePage - Waiting for element to be visible: By.id: src
21:51:31.669 [main] INFO  com.Redbus.utils.BasePage - Waiting for element to be visible: By.className: src_search_wrapper
21:51:31.790 [main] INFO  com.Redbus.utils.BasePage - Waiting for element to be visible: By.id: dst
21:55:53.090 [main] INFO  com.Redbus.utils.BasePage - Waiting for element to be visible: By.id: rail_tickets_vertical
21:55:56.453 [main] INFO  com.Redbus.utils.BasePage - Waiting for element to be visible: By.id: src
21:55:56.591 [main] INFO  com.Redbus.utils.BasePage - Waiting for element to be visible: By.className: src_search_wrapper
21:55:56.713 [main] INFO  com.Redbus.utils.BasePage - Waiting for element to be visible: By.id: dst
21:56:01.876 [main] INFO  com.Redbus.utils.BasePage - Waiting for element to be visible: By.className: src_search_wrapper
21:56:39.445 [main] INFO  com.Redbus.utils.BasePage - Waiting for element to be visible: By.id: src
21:56:39.565 [main] INFO  com.Redbus.utils.BasePage - Waiting for element to be visible: By.className: sc-dnqmqq
21:56:40.270 [main] INFO  com.Redbus.utils.BasePage - Waiting for element to be visible: By.id: src
21:56:40.384 [main] INFO  com.Redbus.utils.BasePage - Waiting for element to be visible: By.id: dest
21:56:40.450 [main] INFO  com.Redbus.utils.BasePage - Waiting for element to be visible: By.className: sc-dnqmqq
21:56:41.108 [main] INFO  com.Redbus.utils.BasePage - Waiting for element to be visible: By.id: dest
21:56:41.478 [main] INFO  com.Redbus.utils.BasePage - Clicking on element: By.id: search_button
21:56:41.478 [main] INFO  com.Redbus.utils.BasePage - Waiting for element to be visible: By.id: search_button
21:56:41.562 [main] INFO  com.Redbus.utils.BasePage - Waiting for element to be visible: By.id: result-section
21:56:44.757 [main] INFO  com.Redbus.utils.BasePage - Waiting for element to be visible: By.className: sort-sec
21:56:45.039 [main] INFO  com.Redbus.utils.BasePage - Waiting for element to be visible: By.className: sort-sec
21:56:45.464 [main] INFO  com.Redbus.utils.BasePage - Checking if element is displayed: By.id: result-section
21:56:45.464 [main] INFO  com.Redbus.utils.BasePage - Waiting for element to be visible: By.id: result-section
21:56:58.982 [main] INFO  com.Redbus.utils.BasePage - Waiting for element to be visible: By.id: rail_tickets_vertical
21:57:02.203 [main] INFO  com.Redbus.utils.BasePage - Waiting for element to be visible: By.id: src
21:57:02.360 [main] INFO  com.Redbus.utils.BasePage - Waiting for element to be visible: By.className: src_search_wrapper
21:57:02.483 [main] INFO  com.Redbus.utils.BasePage - Waiting for element to be visible: By.id: dst
21:57:07.616 [main] INFO  com.Redbus.utils.BasePage - Waiting for element to be visible: By.className: src_search_wrapper
21:58:01.196 [main] INFO  com.Redbus.utils.BasePage - Waiting for element to be visible: By.id: rail_tickets_vertical
21:58:04.989 [main] INFO  com.Redbus.utils.BasePage - Waiting for element to be visible: By.id: src
21:58:05.132 [main] INFO  com.Redbus.utils.BasePage - Waiting for element to be visible: By.className: src_search_wrapper
21:58:05.255 [main] INFO  com.Redbus.utils.BasePage - Waiting for element to be visible: By.id: dst
21:58:10.417 [main] INFO  com.Redbus.utils.BasePage - Waiting for element to be visible: By.className: dst_search_wrapper
22:00:18.512 [main] INFO  com.Redbus.utils.BasePage - Waiting for element to be visible: By.id: rail_tickets_vertical
22:00:28.430 [main] INFO  com.Redbus.utils.BasePage - Waiting for element to be visible: By.id: src
22:00:28.576 [main] INFO  com.Redbus.utils.BasePage - Waiting for element to be visible: By.className: src_search_wrapper
22:00:28.694 [main] INFO  com.Redbus.utils.BasePage - Waiting for element to be visible: By.id: dst
22:00:33.818 [main] INFO  com.Redbus.utils.BasePage - Waiting for element to be visible: By.className: dst_search_wrapper
22:01:38.267 [main] INFO  com.Redbus.utils.BasePage - Waiting for element to be visible: By.id: src
22:01:38.426 [main] INFO  com.Redbus.utils.BasePage - Waiting for element to be visible: By.className: sc-dnqmqq
22:01:39.134 [main] INFO  com.Redbus.utils.BasePage - Waiting for element to be visible: By.id: src
22:01:39.219 [main] INFO  com.Redbus.utils.BasePage - Waiting for element to be visible: By.id: dest
22:01:39.294 [main] INFO  com.Redbus.utils.BasePage - Waiting for element to be visible: By.className: sc-dnqmqq
22:01:39.960 [main] INFO  com.Redbus.utils.BasePage - Waiting for element to be visible: By.id: dest
22:01:40.372 [main] INFO  com.Redbus.utils.BasePage - Clicking on element: By.id: search_button
22:01:40.373 [main] INFO  com.Redbus.utils.BasePage - Waiting for element to be visible: By.id: search_button
22:01:40.451 [main] INFO  com.Redbus.utils.BasePage - Waiting for element to be visible: By.id: result-section
22:01:44.062 [main] INFO  com.Redbus.utils.BasePage - Waiting for element to be visible: By.className: sort-sec
22:01:44.381 [main] INFO  com.Redbus.utils.BasePage - Waiting for element to be visible: By.className: sort-sec
22:01:44.640 [main] INFO  com.Redbus.utils.BasePage - Checking if element is displayed: By.id: result-section
22:01:44.640 [main] INFO  com.Redbus.utils.BasePage - Waiting for element to be visible: By.id: result-section
22:01:58.624 [main] INFO  com.Redbus.utils.BasePage - Waiting for element to be visible: By.id: rail_tickets_vertical
22:02:02.392 [main] INFO  com.Redbus.utils.BasePage - Waiting for element to be visible: By.id: src
22:02:02.548 [main] INFO  com.Redbus.utils.BasePage - Waiting for element to be visible: By.className: src_search_wrapper
22:02:02.658 [main] INFO  com.Redbus.utils.BasePage - Waiting for element to be visible: By.id: dst
22:02:07.791 [main] INFO  com.Redbus.utils.BasePage - Waiting for element to be visible: By.className: dst_search_wrapper
22:02:07.843 [main] INFO  com.Redbus.utils.BasePage - Clicking on element: By.className: search-btn
22:02:07.843 [main] INFO  com.Redbus.utils.BasePage - Waiting for element to be visible: By.className: search-btn
22:02:09.959 [main] INFO  com.Redbus.utils.BasePage - Waiting for elements to be visible: By.className: search_tupple_wrap
22:04:23.769 [main] INFO  com.Redbus.utils.BasePage - Waiting for element to be visible: By.id: src
22:04:23.952 [main] INFO  com.Redbus.utils.BasePage - Waiting for element to be visible: By.className: sc-dnqmqq
22:04:24.651 [main] INFO  com.Redbus.utils.BasePage - Waiting for element to be visible: By.id: src
22:04:24.735 [main] INFO  com.Redbus.utils.BasePage - Waiting for element to be visible: By.id: dest
22:04:24.806 [main] INFO  com.Redbus.utils.BasePage - Waiting for element to be visible: By.className: sc-dnqmqq
22:04:25.488 [main] INFO  com.Redbus.utils.BasePage - Waiting for element to be visible: By.id: dest
22:04:25.935 [main] INFO  com.Redbus.utils.BasePage - Clicking on element: By.id: search_button
22:04:25.935 [main] INFO  com.Redbus.utils.BasePage - Waiting for element to be visible: By.id: search_button
22:04:26.026 [main] INFO  com.Redbus.utils.BasePage - Waiting for element to be visible: By.id: result-section
22:04:29.516 [main] INFO  com.Redbus.utils.BasePage - Waiting for element to be visible: By.className: sort-sec
22:04:29.905 [main] INFO  com.Redbus.utils.BasePage - Waiting for element to be visible: By.className: sort-sec
22:04:30.343 [main] INFO  com.Redbus.utils.BasePage - Checking if element is displayed: By.id: result-section
22:04:30.343 [main] INFO  com.Redbus.utils.BasePage - Waiting for element to be visible: By.id: result-section
22:04:44.241 [main] INFO  com.Redbus.utils.BasePage - Waiting for element to be visible: By.id: rail_tickets_vertical
22:04:47.360 [main] INFO  com.Redbus.utils.BasePage - Waiting for element to be visible: By.id: src
22:04:47.505 [main] INFO  com.Redbus.utils.BasePage - Waiting for element to be visible: By.className: src_search_wrapper
22:04:47.625 [main] INFO  com.Redbus.utils.BasePage - Waiting for element to be visible: By.id: dst
22:04:52.752 [main] INFO  com.Redbus.utils.BasePage - Waiting for element to be visible: By.className: dst_search_wrapper
22:04:52.826 [main] INFO  com.Redbus.utils.BasePage - Waiting for element to be visible: By.className: dst_search_wrapper
22:04:52.875 [main] INFO  com.Redbus.utils.BasePage - Waiting for element to be visible: By.className: dst_search_wrapper
22:04:52.979 [main] INFO  com.Redbus.utils.BasePage - Waiting for element to be visible: By.className: dst_search_wrapper
22:06:13.371 [main] INFO  com.Redbus.utils.BasePage - Waiting for element to be visible: By.id: rail_tickets_vertical
22:06:17.699 [main] INFO  com.Redbus.utils.BasePage - Waiting for element to be visible: By.id: src
22:06:17.838 [main] INFO  com.Redbus.utils.BasePage - Waiting for element to be visible: By.className: src_search_wrapper
22:06:17.969 [main] INFO  com.Redbus.utils.BasePage - Waiting for element to be visible: By.id: dst
22:06:23.115 [main] INFO  com.Redbus.utils.BasePage - Waiting for element to be visible: By.className: dst_search_wrapper
22:06:23.163 [main] INFO  com.Redbus.utils.BasePage - Waiting for element to be visible: By.className: dst_search_wrapper
22:06:23.203 [main] INFO  com.Redbus.utils.BasePage - Waiting for element to be visible: By.className: dst_search_wrapper
22:06:23.261 [main] INFO  com.Redbus.utils.BasePage - Waiting for element to be visible: By.className: dst_search_wrapper
22:06:23.290 [main] INFO  com.Redbus.utils.BasePage - Waiting for element to be visible: By.className: dst_search_wrapper
22:06:23.420 [main] INFO  com.Redbus.utils.BasePage - Clicking on element: By.className: search-btn
22:06:23.420 [main] INFO  com.Redbus.utils.BasePage - Waiting for element to be visible: By.className: search-btn
22:06:25.514 [main] INFO  com.Redbus.utils.BasePage - Waiting for elements to be visible: By.className: search_tupple_wrap
22:06:43.968 [main] INFO  com.Redbus.utils.BasePage - Waiting for element to be visible: By.id: rail_tickets_vertical
22:06:47.185 [main] INFO  com.Redbus.utils.BasePage - Waiting for element to be visible: By.id: src
22:06:47.331 [main] INFO  com.Redbus.utils.BasePage - Waiting for element to be visible: By.className: src_search_wrapper
22:06:47.474 [main] INFO  com.Redbus.utils.BasePage - Waiting for element to be visible: By.id: dst
22:06:52.637 [main] INFO  com.Redbus.utils.BasePage - Waiting for element to be visible: By.className: dst_search_wrapper
22:06:52.723 [main] INFO  com.Redbus.utils.BasePage - Waiting for element to be visible: By.className: dst_search_wrapper
22:06:52.779 [main] INFO  com.Redbus.utils.BasePage - Waiting for element to be visible: By.className: dst_search_wrapper
22:06:52.883 [main] INFO  com.Redbus.utils.BasePage - Clicking on element: By.className: search-btn
22:06:52.883 [main] INFO  com.Redbus.utils.BasePage - Waiting for element to be visible: By.className: search-btn
22:06:54.957 [main] INFO  com.Redbus.utils.BasePage - Waiting for elements to be visible: By.className: search_tupple_wrap
22:11:56.487 [main] INFO  com.Redbus.utils.BasePage - Waiting for element to be visible: By.id: rail_tickets_vertical
22:12:05.719 [main] INFO  com.Redbus.utils.BasePage - Waiting for element to be visible: By.id: src
22:12:42.714 [main] INFO  com.Redbus.utils.BasePage - Waiting for element to be visible: By.id: rail_tickets_vertical
22:12:45.578 [main] INFO  com.Redbus.utils.BasePage - Waiting for element to be visible: By.id: src
22:13:59.702 [main] INFO  com.Redbus.utils.BasePage - Waiting for element to be visible: By.id: rail_tickets_vertical
22:14:03.519 [main] INFO  com.Redbus.utils.BasePage - Waiting for element to be visible: By.id: src
22:14:03.674 [main] INFO  com.Redbus.utils.BasePage - Waiting for element to be visible: By.id: dst
22:14:03.792 [main] INFO  com.Redbus.utils.BasePage - Clicking on element: By.className: search-btn
22:14:03.793 [main] INFO  com.Redbus.utils.BasePage - Waiting for element to be visible: By.className: search-btn
22:14:05.908 [main] INFO  com.Redbus.utils.BasePage - Waiting for elements to be visible: By.className: search_tupple_wrap
22:46:31.547 [main] INFO  com.Redbus.utils.BasePage - Waiting for element to be visible: By.className: OfferSection__ViewAllText-sc-16xojcc-1
22:46:31.819 [main] INFO  com.Redbus.utils.BasePage - Waiting for elements to be visible: By.className: offerBlock
22:54:54.969 [main] INFO  com.Redbus.utils.BasePage - Waiting for element to be visible: By.className: OfferSection__ViewAllText-sc-16xojcc-1
22:54:55.124 [main] INFO  com.Redbus.utils.BasePage - Waiting for elements to be visible: By.className: offerBlock
22:59:51.412 [main] INFO  com.Redbus.utils.BasePage - Waiting for element to be visible: By.className: OfferSection__ViewAllText-sc-16xojcc-1
22:59:51.581 [main] INFO  com.Redbus.utils.BasePage - Waiting for elements to be visible: By.className: offerBlock
22:59:53.446 [main] INFO  com.Redbus.utils.BasePage - Waiting for element to be visible: By.className: offerClose
23:00:41.194 [main] INFO  com.Redbus.utils.BasePage - Waiting for element to be visible: By.className: OfferSection__ViewAllText-sc-16xojcc-1
23:00:41.357 [main] INFO  com.Redbus.utils.BasePage - Waiting for elements to be visible: By.className: offerBlock
23:00:43.285 [main] INFO  com.Redbus.utils.BasePage - Waiting for element to be visible: By.id: offerClose
21:46:46.686 [main] INFO  com.Redbus.utils.BasePage - Clicking on element: By.xpath: //a[text()='Help']
21:46:46.693 [main] INFO  com.Redbus.utils.BasePage - Waiting for element to be visible: By.xpath: //a[text()='Help']
19:11:25.878 [main] INFO  com.Redbus.utils.BasePage - Waiting for element to be visible: By.id: src
19:11:26.009 [main] INFO  com.Redbus.utils.BasePage - Waiting for element to be visible: By.className: sc-dnqmqq
19:11:26.648 [main] INFO  com.Redbus.utils.BasePage - Waiting for element to be visible: By.id: src
19:11:26.732 [main] INFO  com.Redbus.utils.BasePage - Waiting for element to be visible: By.id: dest
19:11:26.817 [main] INFO  com.Redbus.utils.BasePage - Waiting for element to be visible: By.className: sc-dnqmqq
19:11:27.454 [main] INFO  com.Redbus.utils.BasePage - Waiting for element to be visible: By.id: dest
19:11:27.873 [main] INFO  com.Redbus.utils.BasePage - Clicking on element: By.id: search_button
19:11:27.874 [main] INFO  com.Redbus.utils.BasePage - Waiting for element to be visible: By.id: search_button
19:11:27.945 [main] INFO  com.Redbus.utils.BasePage - Waiting for element to be visible: By.id: result-section
19:11:29.583 [main] INFO  com.Redbus.utils.BasePage - Checking if element is displayed: By.id: result-section
19:11:29.583 [main] INFO  com.Redbus.utils.BasePage - Waiting for element to be visible: By.id: result-section
